<?xml version="1.0" encoding="UTF-8"?>
<testng-results ignored="0" total="1" passed="1" failed="0" skipped="0">
  <reporter-output>
  </reporter-output>
  <suite started-at="2025-05-16T17:50:59 IST" name="Default suite" finished-at="2025-05-16T17:51:01 IST" duration-ms="2253">
    <groups>
    </groups>
    <test started-at="2025-05-16T17:50:59 IST" name="Default test" finished-at="2025-05-16T17:51:01 IST" duration-ms="2253">
      <class name="tests.TestExamples">
        <test-method signature="testA()[pri:0, instance:tests.TestExamples@4efac082]" started-at="2025-05-16T17:50:59 IST" name="testA" finished-at="2025-05-16T17:51:01 IST" duration-ms="2195" status="PASS">
          <reporter-output>
          </reporter-output>
        </test-method> <!-- testA -->
      </class> <!-- tests.TestExamples -->
    </test> <!-- Default test -->
  </suite> <!-- Default suite -->
</testng-results>
